2023-01-03 06:44:47 notice: Deprecated (16384): Option `httpOnly` is deprecated. Use lowercased `httponly` instead.
/var/www/html/cake_project_name/config/routes.php, line: 51
You can disable all deprecation warnings by setting `Error.errorLevel` to `E_ALL & ~E_USER_DEPRECATED`. Adding `config/routes.php` to `Error.ignoredDeprecationPaths` in your `config/app.php` config will mute deprecations from that file only. in [/var/www/html/cake_project_name/vendor/cakephp/cakephp/src/Core/functions.php, line 323]
Trace:
Cake\Error\BaseErrorHandler::handleError() - CORE/src/Error/BaseErrorHandler.php, line 191
deprecationWarning - CORE/src/Core/functions.php, line 323
Cake\Http\Middleware\CsrfProtectionMiddleware::__construct() - CORE/src/Http/Middleware/CsrfProtectionMiddleware.php, line 112
Cake\Http\BaseApplication::{closure}() - ROOT/config/routes.php, line 51
Cake\Routing\RouteBuilder::scope() - CORE/src/Routing/RouteBuilder.php, line 946
require - ROOT/config/routes.php, line 86
Cake\Http\BaseApplication::routes() - CORE/src/Http/BaseApplication.php, line 198
Cake\Console\CommandRunner::loadRoutes() - CORE/src/Console/CommandRunner.php, line 397
Cake\Console\CommandRunner::run() - CORE/src/Console/CommandRunner.php, line 147
[main] - ROOT/bin/cake.php, line 12

2023-01-03 06:44:57 notice: Deprecated (16384): Option `httpOnly` is deprecated. Use lowercased `httponly` instead.
/var/www/html/cake_project_name/config/routes.php, line: 51
You can disable all deprecation warnings by setting `Error.errorLevel` to `E_ALL & ~E_USER_DEPRECATED`. Adding `config/routes.php` to `Error.ignoredDeprecationPaths` in your `config/app.php` config will mute deprecations from that file only. in [/var/www/html/cake_project_name/vendor/cakephp/cakephp/src/Core/functions.php, line 323]
Trace:
Cake\Error\BaseErrorHandler::handleError() - CORE/src/Error/BaseErrorHandler.php, line 191
deprecationWarning - CORE/src/Core/functions.php, line 323
Cake\Http\Middleware\CsrfProtectionMiddleware::__construct() - CORE/src/Http/Middleware/CsrfProtectionMiddleware.php, line 112
Cake\Http\BaseApplication::{closure}() - ROOT/config/routes.php, line 51
Cake\Routing\RouteBuilder::scope() - CORE/src/Routing/RouteBuilder.php, line 946
require - ROOT/config/routes.php, line 86
Cake\Http\BaseApplication::routes() - CORE/src/Http/BaseApplication.php, line 198
Cake\Console\CommandRunner::loadRoutes() - CORE/src/Console/CommandRunner.php, line 397
Cake\Console\CommandRunner::run() - CORE/src/Console/CommandRunner.php, line 147
[main] - ROOT/bin/cake.php, line 12

