2023-01-03 06:45:24 notice: Deprecated (16384): Option `httpOnly` is deprecated. Use lowercased `httponly` instead.
/var/www/html/cake_project_name/config/routes.php, line: 51
You can disable all deprecation warnings by setting `Error.errorLevel` to `E_ALL & ~E_USER_DEPRECATED`. Adding `config/routes.php` to `Error.ignoredDeprecationPaths` in your `config/app.php` config will mute deprecations from that file only. in [/var/www/html/cake_project_name/vendor/cakephp/cakephp/src/Core/functions.php, line 323]
Trace:
Cake\Error\BaseErrorHandler::handleError() - CORE/src/Error/BaseErrorHandler.php, line 191
deprecationWarning - CORE/src/Core/functions.php, line 323
Cake\Http\Middleware\CsrfProtectionMiddleware::__construct() - CORE/src/Http/Middleware/CsrfProtectionMiddleware.php, line 112
Cake\Http\BaseApplication::{closure}() - ROOT/config/routes.php, line 51
Cake\Routing\RouteBuilder::scope() - CORE/src/Routing/RouteBuilder.php, line 946
require - ROOT/config/routes.php, line 86
Cake\Http\BaseApplication::routes() - CORE/src/Http/BaseApplication.php, line 198
Cake\Routing\Middleware\RoutingMiddleware::prepareRouteCollection() - CORE/src/Routing/Middleware/RoutingMiddleware.php, line 135
Cake\Routing\Middleware\RoutingMiddleware::buildRouteCollection() - CORE/src/Routing/Middleware/RoutingMiddleware.php, line 124
Cake\Routing\Middleware\RoutingMiddleware::loadRoutes() - CORE/src/Routing/Middleware/RoutingMiddleware.php, line 95
Cake\Routing\Middleware\RoutingMiddleware::process() - CORE/src/Routing/Middleware/RoutingMiddleware.php, line 155
Cake\Http\Runner::handle() - CORE/src/Http/Runner.php, line 73
Cake\Routing\Middleware\AssetMiddleware::process() - CORE/src/Routing/Middleware/AssetMiddleware.php, line 68
Cake\Http\Runner::handle() - CORE/src/Http/Runner.php, line 73
Cake\Error\Middleware\ErrorHandlerMiddleware::process() - CORE/src/Error/Middleware/ErrorHandlerMiddleware.php, line 131
Cake\Http\Runner::handle() - CORE/src/Http/Runner.php, line 73
DebugKit\Middleware\DebugKitMiddleware::process() - ROOT/vendor/cakephp/debug_kit/src/Middleware/DebugKitMiddleware.php, line 60
Cake\Http\Runner::handle() - CORE/src/Http/Runner.php, line 73
Cake\Http\Runner::run() - CORE/src/Http/Runner.php, line 58
Cake\Http\Server::run() - CORE/src/Http/Server.php, line 90
[main] - ROOT/webroot/index.php, line 40

2023-01-03 06:45:24 notice: Notice (1024): Please change the value of `Security.salt` in `ROOT/config/app_local.php` to a random value of at least 32 characters. in [/var/www/html/cake_project_name/vendor/cakephp/cakephp/src/Error/Debugger.php, line 1147]
Request URL: /
Client IP: 127.0.0.1
Trace:
Cake\Error\BaseErrorHandler::handleError() - CORE/src/Error/BaseErrorHandler.php, line 191
Cake\Error\Debugger::checkSecurityKeys() - CORE/src/Error/Debugger.php, line 1147
include - ROOT/templates/Pages/home.php, line 83
Cake\View\View::_evaluate() - CORE/src/View/View.php, line 1220
Cake\View\View::_render() - CORE/src/View/View.php, line 1177
Cake\View\View::render() - CORE/src/View/View.php, line 808
Cake\Controller\Controller::render() - CORE/src/Controller/Controller.php, line 773
App\Controller\PagesController::display() - APP/Controller/PagesController.php, line 65
Cake\Controller\Controller::invokeAction() - CORE/src/Controller/Controller.php, line 547
Cake\Controller\ControllerFactory::handle() - CORE/src/Controller/ControllerFactory.php, line 139
Cake\Controller\ControllerFactory::invoke() - CORE/src/Controller/ControllerFactory.php, line 114
Cake\Http\BaseApplication::handle() - CORE/src/Http/BaseApplication.php, line 320
Cake\Http\Runner::handle() - CORE/src/Http/Runner.php, line 77
Cake\Http\Runner::handle() - CORE/src/Http/Runner.php, line 77
Cake\Http\Middleware\CsrfProtectionMiddleware::process() - CORE/src/Http/Middleware/CsrfProtectionMiddleware.php, line 174
Cake\Http\Runner::handle() - CORE/src/Http/Runner.php, line 73
Cake\Http\Runner::run() - CORE/src/Http/Runner.php, line 58
Cake\Routing\Middleware\RoutingMiddleware::process() - CORE/src/Routing/Middleware/RoutingMiddleware.php, line 192
Cake\Http\Runner::handle() - CORE/src/Http/Runner.php, line 73
Cake\Routing\Middleware\AssetMiddleware::process() - CORE/src/Routing/Middleware/AssetMiddleware.php, line 68
Cake\Http\Runner::handle() - CORE/src/Http/Runner.php, line 73
Cake\Error\Middleware\ErrorHandlerMiddleware::process() - CORE/src/Error/Middleware/ErrorHandlerMiddleware.php, line 131
Cake\Http\Runner::handle() - CORE/src/Http/Runner.php, line 73
DebugKit\Middleware\DebugKitMiddleware::process() - ROOT/vendor/cakephp/debug_kit/src/Middleware/DebugKitMiddleware.php, line 60
Cake\Http\Runner::handle() - CORE/src/Http/Runner.php, line 73
Cake\Http\Runner::run() - CORE/src/Http/Runner.php, line 58
Cake\Http\Server::run() - CORE/src/Http/Server.php, line 90
[main] - ROOT/webroot/index.php, line 40

2023-01-03 06:46:10 notice: Deprecated (16384): Option `httpOnly` is deprecated. Use lowercased `httponly` instead.
/var/www/html/cake_project_name/config/routes.php, line: 51
You can disable all deprecation warnings by setting `Error.errorLevel` to `E_ALL & ~E_USER_DEPRECATED`. Adding `config/routes.php` to `Error.ignoredDeprecationPaths` in your `config/app.php` config will mute deprecations from that file only. in [/var/www/html/cake_project_name/vendor/cakephp/cakephp/src/Core/functions.php, line 323]
Trace:
Cake\Error\BaseErrorHandler::handleError() - CORE/src/Error/BaseErrorHandler.php, line 191
deprecationWarning - CORE/src/Core/functions.php, line 323
Cake\Http\Middleware\CsrfProtectionMiddleware::__construct() - CORE/src/Http/Middleware/CsrfProtectionMiddleware.php, line 112
Cake\Http\BaseApplication::{closure}() - ROOT/config/routes.php, line 51
Cake\Routing\RouteBuilder::scope() - CORE/src/Routing/RouteBuilder.php, line 946
require - ROOT/config/routes.php, line 86
Cake\Http\BaseApplication::routes() - CORE/src/Http/BaseApplication.php, line 198
Cake\Routing\Middleware\RoutingMiddleware::prepareRouteCollection() - CORE/src/Routing/Middleware/RoutingMiddleware.php, line 135
Cake\Routing\Middleware\RoutingMiddleware::buildRouteCollection() - CORE/src/Routing/Middleware/RoutingMiddleware.php, line 124
Cake\Routing\Middleware\RoutingMiddleware::loadRoutes() - CORE/src/Routing/Middleware/RoutingMiddleware.php, line 95
Cake\Routing\Middleware\RoutingMiddleware::process() - CORE/src/Routing/Middleware/RoutingMiddleware.php, line 155
Cake\Http\Runner::handle() - CORE/src/Http/Runner.php, line 73
Cake\Routing\Middleware\AssetMiddleware::process() - CORE/src/Routing/Middleware/AssetMiddleware.php, line 68
Cake\Http\Runner::handle() - CORE/src/Http/Runner.php, line 73
Cake\Error\Middleware\ErrorHandlerMiddleware::process() - CORE/src/Error/Middleware/ErrorHandlerMiddleware.php, line 131
Cake\Http\Runner::handle() - CORE/src/Http/Runner.php, line 73
DebugKit\Middleware\DebugKitMiddleware::process() - ROOT/vendor/cakephp/debug_kit/src/Middleware/DebugKitMiddleware.php, line 60
Cake\Http\Runner::handle() - CORE/src/Http/Runner.php, line 73
Cake\Http\Runner::run() - CORE/src/Http/Runner.php, line 58
Cake\Http\Server::run() - CORE/src/Http/Server.php, line 90
[main] - ROOT/webroot/index.php, line 40

2023-01-03 06:46:33 notice: Deprecated (16384): Option `httpOnly` is deprecated. Use lowercased `httponly` instead.
/var/www/html/cake_project_name/config/routes.php, line: 51
You can disable all deprecation warnings by setting `Error.errorLevel` to `E_ALL & ~E_USER_DEPRECATED`. Adding `config/routes.php` to `Error.ignoredDeprecationPaths` in your `config/app.php` config will mute deprecations from that file only. in [/var/www/html/cake_project_name/vendor/cakephp/cakephp/src/Core/functions.php, line 323]
Trace:
Cake\Error\BaseErrorHandler::handleError() - CORE/src/Error/BaseErrorHandler.php, line 191
deprecationWarning - CORE/src/Core/functions.php, line 323
Cake\Http\Middleware\CsrfProtectionMiddleware::__construct() - CORE/src/Http/Middleware/CsrfProtectionMiddleware.php, line 112
Cake\Http\BaseApplication::{closure}() - ROOT/config/routes.php, line 51
Cake\Routing\RouteBuilder::scope() - CORE/src/Routing/RouteBuilder.php, line 946
require - ROOT/config/routes.php, line 86
Cake\Http\BaseApplication::routes() - CORE/src/Http/BaseApplication.php, line 198
Cake\Routing\Middleware\RoutingMiddleware::prepareRouteCollection() - CORE/src/Routing/Middleware/RoutingMiddleware.php, line 135
Cake\Routing\Middleware\RoutingMiddleware::buildRouteCollection() - CORE/src/Routing/Middleware/RoutingMiddleware.php, line 124
Cake\Routing\Middleware\RoutingMiddleware::loadRoutes() - CORE/src/Routing/Middleware/RoutingMiddleware.php, line 95
Cake\Routing\Middleware\RoutingMiddleware::process() - CORE/src/Routing/Middleware/RoutingMiddleware.php, line 155
Cake\Http\Runner::handle() - CORE/src/Http/Runner.php, line 73
Cake\Routing\Middleware\AssetMiddleware::process() - CORE/src/Routing/Middleware/AssetMiddleware.php, line 77
Cake\Http\Runner::handle() - CORE/src/Http/Runner.php, line 73
Cake\Error\Middleware\ErrorHandlerMiddleware::process() - CORE/src/Error/Middleware/ErrorHandlerMiddleware.php, line 131
Cake\Http\Runner::handle() - CORE/src/Http/Runner.php, line 73
DebugKit\Middleware\DebugKitMiddleware::process() - ROOT/vendor/cakephp/debug_kit/src/Middleware/DebugKitMiddleware.php, line 60
Cake\Http\Runner::handle() - CORE/src/Http/Runner.php, line 73
Cake\Http\Runner::run() - CORE/src/Http/Runner.php, line 58
Cake\Http\Server::run() - CORE/src/Http/Server.php, line 90
[main] - ROOT/webroot/index.php, line 40

2023-01-03 06:47:56 notice: Deprecated (16384): Option `httpOnly` is deprecated. Use lowercased `httponly` instead.
/var/www/html/cake_project_name/config/routes.php, line: 51
You can disable all deprecation warnings by setting `Error.errorLevel` to `E_ALL & ~E_USER_DEPRECATED`. Adding `config/routes.php` to `Error.ignoredDeprecationPaths` in your `config/app.php` config will mute deprecations from that file only. in [/var/www/html/cake_project_name/vendor/cakephp/cakephp/src/Core/functions.php, line 323]
Trace:
Cake\Error\BaseErrorHandler::handleError() - CORE/src/Error/BaseErrorHandler.php, line 191
deprecationWarning - CORE/src/Core/functions.php, line 323
Cake\Http\Middleware\CsrfProtectionMiddleware::__construct() - CORE/src/Http/Middleware/CsrfProtectionMiddleware.php, line 112
Cake\Http\BaseApplication::{closure}() - ROOT/config/routes.php, line 51
Cake\Routing\RouteBuilder::scope() - CORE/src/Routing/RouteBuilder.php, line 946
require - ROOT/config/routes.php, line 86
Cake\Http\BaseApplication::routes() - CORE/src/Http/BaseApplication.php, line 198
Cake\Routing\Middleware\RoutingMiddleware::prepareRouteCollection() - CORE/src/Routing/Middleware/RoutingMiddleware.php, line 135
Cake\Routing\Middleware\RoutingMiddleware::buildRouteCollection() - CORE/src/Routing/Middleware/RoutingMiddleware.php, line 124
Cake\Routing\Middleware\RoutingMiddleware::loadRoutes() - CORE/src/Routing/Middleware/RoutingMiddleware.php, line 95
Cake\Routing\Middleware\RoutingMiddleware::process() - CORE/src/Routing/Middleware/RoutingMiddleware.php, line 155
Cake\Http\Runner::handle() - CORE/src/Http/Runner.php, line 73
Cake\Routing\Middleware\AssetMiddleware::process() - CORE/src/Routing/Middleware/AssetMiddleware.php, line 77
Cake\Http\Runner::handle() - CORE/src/Http/Runner.php, line 73
Cake\Error\Middleware\ErrorHandlerMiddleware::process() - CORE/src/Error/Middleware/ErrorHandlerMiddleware.php, line 131
Cake\Http\Runner::handle() - CORE/src/Http/Runner.php, line 73
DebugKit\Middleware\DebugKitMiddleware::process() - ROOT/vendor/cakephp/debug_kit/src/Middleware/DebugKitMiddleware.php, line 60
Cake\Http\Runner::handle() - CORE/src/Http/Runner.php, line 73
Cake\Http\Runner::run() - CORE/src/Http/Runner.php, line 58
Cake\Http\Server::run() - CORE/src/Http/Server.php, line 90
[main] - ROOT/webroot/index.php, line 40

2023-01-03 06:48:17 notice: Deprecated (16384): Option `httpOnly` is deprecated. Use lowercased `httponly` instead.
/var/www/html/cake_project_name/config/routes.php, line: 51
You can disable all deprecation warnings by setting `Error.errorLevel` to `E_ALL & ~E_USER_DEPRECATED`. Adding `config/routes.php` to `Error.ignoredDeprecationPaths` in your `config/app.php` config will mute deprecations from that file only. in [/var/www/html/cake_project_name/vendor/cakephp/cakephp/src/Core/functions.php, line 323]
Trace:
Cake\Error\BaseErrorHandler::handleError() - CORE/src/Error/BaseErrorHandler.php, line 191
deprecationWarning - CORE/src/Core/functions.php, line 323
Cake\Http\Middleware\CsrfProtectionMiddleware::__construct() - CORE/src/Http/Middleware/CsrfProtectionMiddleware.php, line 112
Cake\Http\BaseApplication::{closure}() - ROOT/config/routes.php, line 51
Cake\Routing\RouteBuilder::scope() - CORE/src/Routing/RouteBuilder.php, line 946
require - ROOT/config/routes.php, line 86
Cake\Http\BaseApplication::routes() - CORE/src/Http/BaseApplication.php, line 198
Cake\Routing\Middleware\RoutingMiddleware::prepareRouteCollection() - CORE/src/Routing/Middleware/RoutingMiddleware.php, line 135
Cake\Routing\Middleware\RoutingMiddleware::buildRouteCollection() - CORE/src/Routing/Middleware/RoutingMiddleware.php, line 124
Cake\Routing\Middleware\RoutingMiddleware::loadRoutes() - CORE/src/Routing/Middleware/RoutingMiddleware.php, line 95
Cake\Routing\Middleware\RoutingMiddleware::process() - CORE/src/Routing/Middleware/RoutingMiddleware.php, line 155
Cake\Http\Runner::handle() - CORE/src/Http/Runner.php, line 73
Cake\Routing\Middleware\AssetMiddleware::process() - CORE/src/Routing/Middleware/AssetMiddleware.php, line 68
Cake\Http\Runner::handle() - CORE/src/Http/Runner.php, line 73
Cake\Error\Middleware\ErrorHandlerMiddleware::process() - CORE/src/Error/Middleware/ErrorHandlerMiddleware.php, line 131
Cake\Http\Runner::handle() - CORE/src/Http/Runner.php, line 73
DebugKit\Middleware\DebugKitMiddleware::process() - ROOT/vendor/cakephp/debug_kit/src/Middleware/DebugKitMiddleware.php, line 60
Cake\Http\Runner::handle() - CORE/src/Http/Runner.php, line 73
Cake\Http\Runner::run() - CORE/src/Http/Runner.php, line 58
Cake\Http\Server::run() - CORE/src/Http/Server.php, line 90
[main] - ROOT/webroot/index.php, line 40

